\BOOKMARK [1][-]{section.1}{Introduction}{}% 1
\BOOKMARK [1][-]{section.2}{Requirements of Checkers}{}% 2
\BOOKMARK [1][-]{section.3}{Module Guide}{}% 3
\BOOKMARK [2][-]{subsection.3.1}{Hardware Hiding Module}{section.3}% 4
\BOOKMARK [3][-]{subsubsection.3.1.1}{Input Module}{subsection.3.1}% 5
\BOOKMARK [2][-]{subsection.3.2}{Behaviour Hiding Module}{section.3}% 6
\BOOKMARK [3][-]{subsubsection.3.2.1}{Piece Module}{subsection.3.2}% 7
\BOOKMARK [2][-]{subsection.3.3}{Software Decision Hiding Module}{section.3}% 8
\BOOKMARK [3][-]{subsubsection.3.3.1}{Game1 Module}{subsection.3.3}% 9
\BOOKMARK [3][-]{subsubsection.3.3.2}{Board Module}{subsection.3.3}% 10
\BOOKMARK [3][-]{subsubsection.3.3.3}{FileIO Module}{subsection.3.3}% 11
\BOOKMARK [1][-]{section.4}{Uses Relationship}{}% 12
\BOOKMARK [1][-]{section.5}{Changelog from Assignment 1 to Current}{}% 13
\BOOKMARK [2][-]{subsection.5.1}{Board}{section.5}% 14
\BOOKMARK [2][-]{subsection.5.2}{Piece}{section.5}% 15
\BOOKMARK [2][-]{subsection.5.3}{Game1}{section.5}% 16
\BOOKMARK [1][-]{section.6}{Module Design \(MIS and MID\)}{}% 17
\BOOKMARK [2][-]{subsection.6.1}{Piece Module}{section.6}% 18
\BOOKMARK [3][-]{subsubsection.6.1.1}{Interface}{subsection.6.1}% 19
\BOOKMARK [3][-]{subsubsection.6.1.2}{Implementation}{subsection.6.1}% 20
\BOOKMARK [2][-]{subsection.6.2}{Board Module}{section.6}% 21
\BOOKMARK [3][-]{subsubsection.6.2.1}{Interface}{subsection.6.2}% 22
\BOOKMARK [3][-]{subsubsection.6.2.2}{Implementation}{subsection.6.2}% 23
\BOOKMARK [2][-]{subsection.6.3}{Game1 Module}{section.6}% 24
\BOOKMARK [3][-]{subsubsection.6.3.1}{Interface}{subsection.6.3}% 25
\BOOKMARK [3][-]{subsubsection.6.3.2}{Implementation}{subsection.6.3}% 26
\BOOKMARK [2][-]{subsection.6.4}{FileIO Module}{section.6}% 27
\BOOKMARK [3][-]{subsubsection.6.4.1}{Interface}{subsection.6.4}% 28
\BOOKMARK [3][-]{subsubsection.6.4.2}{Implementation}{subsection.6.4}% 29
\BOOKMARK [2][-]{subsection.6.5}{Input Module}{section.6}% 30
\BOOKMARK [3][-]{subsubsection.6.5.1}{Interface}{subsection.6.5}% 31
\BOOKMARK [3][-]{subsubsection.6.5.2}{Implementation}{subsection.6.5}% 32
\BOOKMARK [1][-]{section.7}{Internal Evaluation}{}% 33
